22:02:52.618 [background-preinit] INFO  o.h.v.i.util.Version - [<clinit>,21] - HV000001: Hibernate Validator 6.2.0.Final
22:02:53.640 [main] INFO  c.a.n.c.c.i.LocalConfigInfoProcessor - [<clinit>,67] - LOCAL_SNAPSHOT_PATH:/Users/yangjingjiang/nacos/config
22:02:53.644 [main] INFO  c.a.n.c.r.client - [lambda$createClient$0,77] - [RpcClientFactory] create a new rpc client of 7c9d4338-df74-43a0-bd2f-29d380c4ce18_config-0
22:02:53.734 [main] INFO  o.r.Reflections - [scan,232] - Reflections took 52 ms to scan 1 urls, producing 3 keys and 6 values 
22:02:53.805 [main] INFO  o.r.Reflections - [scan,232] - Reflections took 40 ms to scan 1 urls, producing 4 keys and 9 values 
22:02:53.826 [main] INFO  o.r.Reflections - [scan,232] - Reflections took 15 ms to scan 1 urls, producing 3 keys and 10 values 
22:02:53.851 [main] INFO  o.r.Reflections - [scan,232] - Reflections took 19 ms to scan 1 urls, producing 1 keys and 5 values 
22:02:53.873 [main] INFO  o.r.Reflections - [scan,232] - Reflections took 17 ms to scan 1 urls, producing 1 keys and 7 values 
22:02:53.888 [main] INFO  o.r.Reflections - [scan,232] - Reflections took 13 ms to scan 1 urls, producing 2 keys and 8 values 
22:02:53.894 [main] INFO  c.a.n.c.r.client - [printIfInfoEnabled,60] - [7c9d4338-df74-43a0-bd2f-29d380c4ce18_config-0]RpcClient init label, labels={module=config, Vipserver-Tag=null, source=sdk, Amory-Tag=null, Location-Tag=null, taskId=0, AppName=unknown}
22:02:53.897 [main] INFO  c.a.n.c.r.client - [printIfInfoEnabled,60] - [7c9d4338-df74-43a0-bd2f-29d380c4ce18_config-0]Register server push request handler:com.alibaba.nacos.client.config.impl.ClientWorker$ConfigRpcTransportClient$$Lambda$465/0x0000000800e3e840
22:02:53.897 [main] INFO  c.a.n.c.r.client - [printIfInfoEnabled,60] - [7c9d4338-df74-43a0-bd2f-29d380c4ce18_config-0]Register server push request handler:com.alibaba.nacos.client.config.impl.ClientWorker$ConfigRpcTransportClient$$Lambda$466/0x0000000800e3ec40
22:02:53.899 [main] INFO  c.a.n.c.r.client - [printIfInfoEnabled,60] - [7c9d4338-df74-43a0-bd2f-29d380c4ce18_config-0]Registry connection listener to current client:com.alibaba.nacos.client.config.impl.ClientWorker$ConfigRpcTransportClient$1
22:02:53.901 [main] INFO  c.a.n.c.r.client - [printIfInfoEnabled,60] - [7c9d4338-df74-43a0-bd2f-29d380c4ce18_config-0]RpcClient init, ServerListFactory =com.alibaba.nacos.client.config.impl.ClientWorker$ConfigRpcTransportClient$2
22:02:53.919 [main] INFO  c.a.n.c.r.client - [printIfInfoEnabled,60] - [7c9d4338-df74-43a0-bd2f-29d380c4ce18_config-0] Try to connect to server on start up, server: {serverIp='127.0.0.1', server main port=8848}
22:02:54.714 [main] INFO  c.a.n.c.r.client - [printIfInfoEnabled,60] - [7c9d4338-df74-43a0-bd2f-29d380c4ce18_config-0] Success to connect to server [127.0.0.1:8848] on start up,connectionId=1627653774493_127.0.0.1_54873
22:02:54.715 [main] INFO  c.a.n.c.r.client - [printIfInfoEnabled,60] - [7c9d4338-df74-43a0-bd2f-29d380c4ce18_config-0]Register server push request handler:com.alibaba.nacos.common.remote.client.RpcClient$ConnectResetRequestHandler
22:02:54.715 [com.alibaba.nacos.client.remote.worker] INFO  c.a.n.c.r.client - [printIfInfoEnabled,60] - [7c9d4338-df74-43a0-bd2f-29d380c4ce18_config-0]Notify connected event to listeners.
22:02:54.716 [com.alibaba.nacos.client.remote.worker] INFO  c.a.n.c.c.i.ClientWorker - [onConnected,677] - [7c9d4338-df74-43a0-bd2f-29d380c4ce18_config-0] Connected,notify listen context...
22:02:54.716 [main] INFO  c.a.n.c.r.client - [printIfInfoEnabled,60] - [7c9d4338-df74-43a0-bd2f-29d380c4ce18_config-0]Register server push request handler:com.alibaba.nacos.common.remote.client.RpcClient$4
22:02:54.747 [main] INFO  c.a.n.c.c.i.Limiter - [<clinit>,56] - limitTime:5.0
22:02:54.764 [main] INFO  c.a.n.c.c.u.JvmUtil - [<clinit>,53] - isMultiInstance:false
22:02:54.800 [main] INFO  c.r.s.RuoYiSystemApplication - [logStartupProfileInfo,663] - The following profiles are active: dev
22:02:57.817 [main] INFO  o.a.c.h.Http11NioProtocol - [log,173] - Initializing ProtocolHandler ["http-nio-9201"]
22:02:57.817 [main] INFO  o.a.c.c.StandardService - [log,173] - Starting service [Tomcat]
22:02:57.818 [main] INFO  o.a.c.c.StandardEngine - [log,173] - Starting Servlet engine: [Apache Tomcat/9.0.50]
22:02:57.993 [main] INFO  o.a.c.c.C.[.[.[/] - [log,173] - Initializing Spring embedded WebApplicationContext
22:02:58.937 [main] INFO  c.a.d.p.DruidDataSource - [init,990] - {dataSource-1,master} inited
22:02:58.942 [main] INFO  o.a.c.c.StandardService - [log,173] - Stopping service [Tomcat]
22:02:59.002 [Druid-ConnectionPool-Create-1340714491] INFO  c.a.d.p.DruidAbstractDataSource - [setFailContinuous,1804] - {dataSource-1} failContinuous is true
22:11:04.878 [background-preinit] INFO  o.h.v.i.util.Version - [<clinit>,21] - HV000001: Hibernate Validator 6.2.0.Final
22:11:05.513 [main] INFO  c.a.n.c.c.i.LocalConfigInfoProcessor - [<clinit>,67] - LOCAL_SNAPSHOT_PATH:/Users/yangjingjiang/nacos/config
22:11:05.516 [main] INFO  c.a.n.c.r.client - [lambda$createClient$0,77] - [RpcClientFactory] create a new rpc client of 9bea5e7d-fef2-40b5-a9a0-948a3d0a98be_config-0
22:11:05.573 [main] INFO  o.r.Reflections - [scan,232] - Reflections took 36 ms to scan 1 urls, producing 3 keys and 6 values 
22:11:05.608 [main] INFO  o.r.Reflections - [scan,232] - Reflections took 17 ms to scan 1 urls, producing 4 keys and 9 values 
22:11:05.629 [main] INFO  o.r.Reflections - [scan,232] - Reflections took 19 ms to scan 1 urls, producing 3 keys and 10 values 
22:11:05.642 [main] INFO  o.r.Reflections - [scan,232] - Reflections took 10 ms to scan 1 urls, producing 1 keys and 5 values 
22:11:05.655 [main] INFO  o.r.Reflections - [scan,232] - Reflections took 11 ms to scan 1 urls, producing 1 keys and 7 values 
22:11:05.667 [main] INFO  o.r.Reflections - [scan,232] - Reflections took 10 ms to scan 1 urls, producing 2 keys and 8 values 
22:11:05.670 [main] INFO  c.a.n.c.r.client - [printIfInfoEnabled,60] - [9bea5e7d-fef2-40b5-a9a0-948a3d0a98be_config-0]RpcClient init label, labels={module=config, Vipserver-Tag=null, source=sdk, Amory-Tag=null, Location-Tag=null, taskId=0, AppName=unknown}
22:11:05.671 [main] INFO  c.a.n.c.r.client - [printIfInfoEnabled,60] - [9bea5e7d-fef2-40b5-a9a0-948a3d0a98be_config-0]Register server push request handler:com.alibaba.nacos.client.config.impl.ClientWorker$ConfigRpcTransportClient$$Lambda$465/0x0000000800e3e840
22:11:05.671 [main] INFO  c.a.n.c.r.client - [printIfInfoEnabled,60] - [9bea5e7d-fef2-40b5-a9a0-948a3d0a98be_config-0]Register server push request handler:com.alibaba.nacos.client.config.impl.ClientWorker$ConfigRpcTransportClient$$Lambda$466/0x0000000800e3ec40
22:11:05.672 [main] INFO  c.a.n.c.r.client - [printIfInfoEnabled,60] - [9bea5e7d-fef2-40b5-a9a0-948a3d0a98be_config-0]Registry connection listener to current client:com.alibaba.nacos.client.config.impl.ClientWorker$ConfigRpcTransportClient$1
22:11:05.672 [main] INFO  c.a.n.c.r.client - [printIfInfoEnabled,60] - [9bea5e7d-fef2-40b5-a9a0-948a3d0a98be_config-0]RpcClient init, ServerListFactory =com.alibaba.nacos.client.config.impl.ClientWorker$ConfigRpcTransportClient$2
22:11:05.679 [main] INFO  c.a.n.c.r.client - [printIfInfoEnabled,60] - [9bea5e7d-fef2-40b5-a9a0-948a3d0a98be_config-0] Try to connect to server on start up, server: {serverIp='127.0.0.1', server main port=8848}
22:11:06.324 [main] INFO  c.a.n.c.r.client - [printIfInfoEnabled,60] - [9bea5e7d-fef2-40b5-a9a0-948a3d0a98be_config-0] Success to connect to server [127.0.0.1:8848] on start up,connectionId=1627654266113_127.0.0.1_58360
22:11:06.325 [main] INFO  c.a.n.c.r.client - [printIfInfoEnabled,60] - [9bea5e7d-fef2-40b5-a9a0-948a3d0a98be_config-0]Register server push request handler:com.alibaba.nacos.common.remote.client.RpcClient$ConnectResetRequestHandler
22:11:06.325 [com.alibaba.nacos.client.remote.worker] INFO  c.a.n.c.r.client - [printIfInfoEnabled,60] - [9bea5e7d-fef2-40b5-a9a0-948a3d0a98be_config-0]Notify connected event to listeners.
22:11:06.326 [com.alibaba.nacos.client.remote.worker] INFO  c.a.n.c.c.i.ClientWorker - [onConnected,677] - [9bea5e7d-fef2-40b5-a9a0-948a3d0a98be_config-0] Connected,notify listen context...
22:11:06.326 [main] INFO  c.a.n.c.r.client - [printIfInfoEnabled,60] - [9bea5e7d-fef2-40b5-a9a0-948a3d0a98be_config-0]Register server push request handler:com.alibaba.nacos.common.remote.client.RpcClient$4
22:11:06.367 [main] INFO  c.a.n.c.c.i.Limiter - [<clinit>,56] - limitTime:5.0
22:11:06.383 [main] INFO  c.a.n.c.c.u.JvmUtil - [<clinit>,53] - isMultiInstance:false
22:11:06.419 [main] INFO  c.r.s.RuoYiSystemApplication - [logStartupProfileInfo,663] - The following profiles are active: dev
22:11:09.067 [main] INFO  o.a.c.h.Http11NioProtocol - [log,173] - Initializing ProtocolHandler ["http-nio-9201"]
22:11:09.068 [main] INFO  o.a.c.c.StandardService - [log,173] - Starting service [Tomcat]
22:11:09.068 [main] INFO  o.a.c.c.StandardEngine - [log,173] - Starting Servlet engine: [Apache Tomcat/9.0.50]
22:11:09.194 [main] INFO  o.a.c.c.C.[.[.[/] - [log,173] - Initializing Spring embedded WebApplicationContext
22:11:09.976 [main] INFO  c.a.d.p.DruidDataSource - [init,990] - {dataSource-1,master} inited
22:11:09.981 [main] INFO  o.a.c.c.StandardService - [log,173] - Stopping service [Tomcat]
22:11:10.026 [Druid-ConnectionPool-Create-1187638824] INFO  c.a.d.p.DruidAbstractDataSource - [setFailContinuous,1804] - {dataSource-1} failContinuous is true
22:19:21.829 [background-preinit] INFO  o.h.v.i.util.Version - [<clinit>,21] - HV000001: Hibernate Validator 6.2.0.Final
22:19:22.510 [main] INFO  c.a.n.c.c.i.LocalConfigInfoProcessor - [<clinit>,67] - LOCAL_SNAPSHOT_PATH:/Users/yangjingjiang/nacos/config
22:19:22.513 [main] INFO  c.a.n.c.r.client - [lambda$createClient$0,77] - [RpcClientFactory] create a new rpc client of a35249a1-354a-44ec-9fbb-1f87ddadd43b_config-0
22:19:22.600 [main] INFO  o.r.Reflections - [scan,232] - Reflections took 42 ms to scan 1 urls, producing 3 keys and 6 values 
22:19:22.643 [main] INFO  o.r.Reflections - [scan,232] - Reflections took 20 ms to scan 1 urls, producing 4 keys and 9 values 
22:19:22.665 [main] INFO  o.r.Reflections - [scan,232] - Reflections took 20 ms to scan 1 urls, producing 3 keys and 10 values 
22:19:22.681 [main] INFO  o.r.Reflections - [scan,232] - Reflections took 11 ms to scan 1 urls, producing 1 keys and 5 values 
22:19:22.696 [main] INFO  o.r.Reflections - [scan,232] - Reflections took 13 ms to scan 1 urls, producing 1 keys and 7 values 
22:19:22.712 [main] INFO  o.r.Reflections - [scan,232] - Reflections took 13 ms to scan 1 urls, producing 2 keys and 8 values 
22:19:22.715 [main] INFO  c.a.n.c.r.client - [printIfInfoEnabled,60] - [a35249a1-354a-44ec-9fbb-1f87ddadd43b_config-0]RpcClient init label, labels={module=config, Vipserver-Tag=null, source=sdk, Amory-Tag=null, Location-Tag=null, taskId=0, AppName=unknown}
22:19:22.716 [main] INFO  c.a.n.c.r.client - [printIfInfoEnabled,60] - [a35249a1-354a-44ec-9fbb-1f87ddadd43b_config-0]Register server push request handler:com.alibaba.nacos.client.config.impl.ClientWorker$ConfigRpcTransportClient$$Lambda$465/0x0000000800e3e040
22:19:22.716 [main] INFO  c.a.n.c.r.client - [printIfInfoEnabled,60] - [a35249a1-354a-44ec-9fbb-1f87ddadd43b_config-0]Register server push request handler:com.alibaba.nacos.client.config.impl.ClientWorker$ConfigRpcTransportClient$$Lambda$466/0x0000000800e3e440
22:19:22.717 [main] INFO  c.a.n.c.r.client - [printIfInfoEnabled,60] - [a35249a1-354a-44ec-9fbb-1f87ddadd43b_config-0]Registry connection listener to current client:com.alibaba.nacos.client.config.impl.ClientWorker$ConfigRpcTransportClient$1
22:19:22.718 [main] INFO  c.a.n.c.r.client - [printIfInfoEnabled,60] - [a35249a1-354a-44ec-9fbb-1f87ddadd43b_config-0]RpcClient init, ServerListFactory =com.alibaba.nacos.client.config.impl.ClientWorker$ConfigRpcTransportClient$2
22:19:22.726 [main] INFO  c.a.n.c.r.client - [printIfInfoEnabled,60] - [a35249a1-354a-44ec-9fbb-1f87ddadd43b_config-0] Try to connect to server on start up, server: {serverIp='127.0.0.1', server main port=8848}
22:19:23.419 [main] INFO  c.a.n.c.r.client - [printIfInfoEnabled,60] - [a35249a1-354a-44ec-9fbb-1f87ddadd43b_config-0] Success to connect to server [127.0.0.1:8848] on start up,connectionId=1627654763212_127.0.0.1_61782
22:19:23.420 [main] INFO  c.a.n.c.r.client - [printIfInfoEnabled,60] - [a35249a1-354a-44ec-9fbb-1f87ddadd43b_config-0]Register server push request handler:com.alibaba.nacos.common.remote.client.RpcClient$ConnectResetRequestHandler
22:19:23.420 [com.alibaba.nacos.client.remote.worker] INFO  c.a.n.c.r.client - [printIfInfoEnabled,60] - [a35249a1-354a-44ec-9fbb-1f87ddadd43b_config-0]Notify connected event to listeners.
22:19:23.421 [com.alibaba.nacos.client.remote.worker] INFO  c.a.n.c.c.i.ClientWorker - [onConnected,677] - [a35249a1-354a-44ec-9fbb-1f87ddadd43b_config-0] Connected,notify listen context...
22:19:23.421 [main] INFO  c.a.n.c.r.client - [printIfInfoEnabled,60] - [a35249a1-354a-44ec-9fbb-1f87ddadd43b_config-0]Register server push request handler:com.alibaba.nacos.common.remote.client.RpcClient$4
22:19:23.476 [main] INFO  c.a.n.c.c.i.Limiter - [<clinit>,56] - limitTime:5.0
22:19:23.504 [main] INFO  c.a.n.c.c.u.JvmUtil - [<clinit>,53] - isMultiInstance:false
22:19:23.562 [main] INFO  c.r.s.RuoYiSystemApplication - [logStartupProfileInfo,663] - The following profiles are active: dev
22:19:26.780 [main] INFO  o.a.c.h.Http11NioProtocol - [log,173] - Initializing ProtocolHandler ["http-nio-9201"]
22:19:26.781 [main] INFO  o.a.c.c.StandardService - [log,173] - Starting service [Tomcat]
22:19:26.781 [main] INFO  o.a.c.c.StandardEngine - [log,173] - Starting Servlet engine: [Apache Tomcat/9.0.50]
22:19:26.904 [main] INFO  o.a.c.c.C.[.[.[/] - [log,173] - Initializing Spring embedded WebApplicationContext
22:19:27.749 [main] INFO  c.a.d.p.DruidDataSource - [init,990] - {dataSource-1,master} inited
22:19:27.754 [main] INFO  o.a.c.c.StandardService - [log,173] - Stopping service [Tomcat]
22:19:27.798 [Druid-ConnectionPool-Create-1792068931] INFO  c.a.d.p.DruidAbstractDataSource - [setFailContinuous,1804] - {dataSource-1} failContinuous is true
22:22:56.116 [background-preinit] INFO  o.h.v.i.util.Version - [<clinit>,21] - HV000001: Hibernate Validator 6.2.0.Final
22:22:56.881 [main] INFO  c.a.n.c.c.i.LocalConfigInfoProcessor - [<clinit>,67] - LOCAL_SNAPSHOT_PATH:/Users/yangjingjiang/nacos/config
22:22:56.884 [main] INFO  c.a.n.c.r.client - [lambda$createClient$0,77] - [RpcClientFactory] create a new rpc client of 10d54f40-3a85-45a6-9d3f-f27aac373324_config-0
22:22:56.937 [main] INFO  o.r.Reflections - [scan,232] - Reflections took 32 ms to scan 1 urls, producing 3 keys and 6 values 
22:22:56.971 [main] INFO  o.r.Reflections - [scan,232] - Reflections took 16 ms to scan 1 urls, producing 4 keys and 9 values 
22:22:56.994 [main] INFO  o.r.Reflections - [scan,232] - Reflections took 21 ms to scan 1 urls, producing 3 keys and 10 values 
22:22:57.010 [main] INFO  o.r.Reflections - [scan,232] - Reflections took 11 ms to scan 1 urls, producing 1 keys and 5 values 
22:22:57.022 [main] INFO  o.r.Reflections - [scan,232] - Reflections took 10 ms to scan 1 urls, producing 1 keys and 7 values 
22:22:57.033 [main] INFO  o.r.Reflections - [scan,232] - Reflections took 9 ms to scan 1 urls, producing 2 keys and 8 values 
22:22:57.037 [main] INFO  c.a.n.c.r.client - [printIfInfoEnabled,60] - [10d54f40-3a85-45a6-9d3f-f27aac373324_config-0]RpcClient init label, labels={module=config, Vipserver-Tag=null, source=sdk, Amory-Tag=null, Location-Tag=null, taskId=0, AppName=unknown}
22:22:57.038 [main] INFO  c.a.n.c.r.client - [printIfInfoEnabled,60] - [10d54f40-3a85-45a6-9d3f-f27aac373324_config-0]Register server push request handler:com.alibaba.nacos.client.config.impl.ClientWorker$ConfigRpcTransportClient$$Lambda$465/0x0000000800e3e840
22:22:57.039 [main] INFO  c.a.n.c.r.client - [printIfInfoEnabled,60] - [10d54f40-3a85-45a6-9d3f-f27aac373324_config-0]Register server push request handler:com.alibaba.nacos.client.config.impl.ClientWorker$ConfigRpcTransportClient$$Lambda$466/0x0000000800e3ec40
22:22:57.040 [main] INFO  c.a.n.c.r.client - [printIfInfoEnabled,60] - [10d54f40-3a85-45a6-9d3f-f27aac373324_config-0]Registry connection listener to current client:com.alibaba.nacos.client.config.impl.ClientWorker$ConfigRpcTransportClient$1
22:22:57.041 [main] INFO  c.a.n.c.r.client - [printIfInfoEnabled,60] - [10d54f40-3a85-45a6-9d3f-f27aac373324_config-0]RpcClient init, ServerListFactory =com.alibaba.nacos.client.config.impl.ClientWorker$ConfigRpcTransportClient$2
22:22:57.051 [main] INFO  c.a.n.c.r.client - [printIfInfoEnabled,60] - [10d54f40-3a85-45a6-9d3f-f27aac373324_config-0] Try to connect to server on start up, server: {serverIp='127.0.0.1', server main port=8848}
22:22:57.799 [main] INFO  c.a.n.c.r.client - [printIfInfoEnabled,60] - [10d54f40-3a85-45a6-9d3f-f27aac373324_config-0] Success to connect to server [127.0.0.1:8848] on start up,connectionId=1627654977602_127.0.0.1_63254
22:22:57.802 [main] INFO  c.a.n.c.r.client - [printIfInfoEnabled,60] - [10d54f40-3a85-45a6-9d3f-f27aac373324_config-0]Register server push request handler:com.alibaba.nacos.common.remote.client.RpcClient$ConnectResetRequestHandler
22:22:57.801 [com.alibaba.nacos.client.remote.worker] INFO  c.a.n.c.r.client - [printIfInfoEnabled,60] - [10d54f40-3a85-45a6-9d3f-f27aac373324_config-0]Notify connected event to listeners.
22:22:57.803 [com.alibaba.nacos.client.remote.worker] INFO  c.a.n.c.c.i.ClientWorker - [onConnected,677] - [10d54f40-3a85-45a6-9d3f-f27aac373324_config-0] Connected,notify listen context...
22:22:57.803 [main] INFO  c.a.n.c.r.client - [printIfInfoEnabled,60] - [10d54f40-3a85-45a6-9d3f-f27aac373324_config-0]Register server push request handler:com.alibaba.nacos.common.remote.client.RpcClient$4
22:22:57.854 [main] INFO  c.a.n.c.c.i.Limiter - [<clinit>,56] - limitTime:5.0
22:22:57.868 [main] INFO  c.a.n.c.c.u.JvmUtil - [<clinit>,53] - isMultiInstance:false
22:22:57.900 [main] INFO  c.r.s.RuoYiSystemApplication - [logStartupProfileInfo,663] - The following profiles are active: dev
22:23:00.490 [main] INFO  o.a.c.h.Http11NioProtocol - [log,173] - Initializing ProtocolHandler ["http-nio-9201"]
22:23:00.491 [main] INFO  o.a.c.c.StandardService - [log,173] - Starting service [Tomcat]
22:23:00.491 [main] INFO  o.a.c.c.StandardEngine - [log,173] - Starting Servlet engine: [Apache Tomcat/9.0.50]
22:23:00.622 [main] INFO  o.a.c.c.C.[.[.[/] - [log,173] - Initializing Spring embedded WebApplicationContext
22:23:01.354 [main] INFO  c.a.d.p.DruidDataSource - [init,990] - {dataSource-1,master} inited
22:23:01.359 [main] INFO  o.a.c.c.StandardService - [log,173] - Stopping service [Tomcat]
22:23:01.401 [Druid-ConnectionPool-Create-1187638824] INFO  c.a.d.p.DruidAbstractDataSource - [setFailContinuous,1804] - {dataSource-1} failContinuous is true
22:34:25.171 [background-preinit] INFO  o.h.v.i.util.Version - [<clinit>,21] - HV000001: Hibernate Validator 6.2.0.Final
22:34:25.876 [main] INFO  c.a.n.c.c.i.LocalConfigInfoProcessor - [<clinit>,67] - LOCAL_SNAPSHOT_PATH:/Users/yangjingjiang/nacos/config
22:34:25.881 [main] INFO  c.a.n.c.r.client - [lambda$createClient$0,77] - [RpcClientFactory] create a new rpc client of 2f4f2670-54da-4af9-b08e-1e72bae949dc_config-0
22:34:25.944 [main] INFO  o.r.Reflections - [scan,232] - Reflections took 33 ms to scan 1 urls, producing 3 keys and 6 values 
22:34:25.978 [main] INFO  o.r.Reflections - [scan,232] - Reflections took 17 ms to scan 1 urls, producing 4 keys and 9 values 
22:34:26.000 [main] INFO  o.r.Reflections - [scan,232] - Reflections took 20 ms to scan 1 urls, producing 3 keys and 10 values 
22:34:26.016 [main] INFO  o.r.Reflections - [scan,232] - Reflections took 12 ms to scan 1 urls, producing 1 keys and 5 values 
22:34:26.030 [main] INFO  o.r.Reflections - [scan,232] - Reflections took 12 ms to scan 1 urls, producing 1 keys and 7 values 
22:34:26.042 [main] INFO  o.r.Reflections - [scan,232] - Reflections took 10 ms to scan 1 urls, producing 2 keys and 8 values 
22:34:26.045 [main] INFO  c.a.n.c.r.client - [printIfInfoEnabled,60] - [2f4f2670-54da-4af9-b08e-1e72bae949dc_config-0]RpcClient init label, labels={module=config, Vipserver-Tag=null, source=sdk, Amory-Tag=null, Location-Tag=null, taskId=0, AppName=unknown}
22:34:26.046 [main] INFO  c.a.n.c.r.client - [printIfInfoEnabled,60] - [2f4f2670-54da-4af9-b08e-1e72bae949dc_config-0]Register server push request handler:com.alibaba.nacos.client.config.impl.ClientWorker$ConfigRpcTransportClient$$Lambda$465/0x0000000800e3e840
22:34:26.047 [main] INFO  c.a.n.c.r.client - [printIfInfoEnabled,60] - [2f4f2670-54da-4af9-b08e-1e72bae949dc_config-0]Register server push request handler:com.alibaba.nacos.client.config.impl.ClientWorker$ConfigRpcTransportClient$$Lambda$466/0x0000000800e3ec40
22:34:26.047 [main] INFO  c.a.n.c.r.client - [printIfInfoEnabled,60] - [2f4f2670-54da-4af9-b08e-1e72bae949dc_config-0]Registry connection listener to current client:com.alibaba.nacos.client.config.impl.ClientWorker$ConfigRpcTransportClient$1
22:34:26.048 [main] INFO  c.a.n.c.r.client - [printIfInfoEnabled,60] - [2f4f2670-54da-4af9-b08e-1e72bae949dc_config-0]RpcClient init, ServerListFactory =com.alibaba.nacos.client.config.impl.ClientWorker$ConfigRpcTransportClient$2
22:34:26.059 [main] INFO  c.a.n.c.r.client - [printIfInfoEnabled,60] - [2f4f2670-54da-4af9-b08e-1e72bae949dc_config-0] Try to connect to server on start up, server: {serverIp='127.0.0.1', server main port=8848}
22:34:26.665 [main] INFO  c.a.n.c.r.client - [printIfInfoEnabled,60] - [2f4f2670-54da-4af9-b08e-1e72bae949dc_config-0] Success to connect to server [127.0.0.1:8848] on start up,connectionId=1627655666490_127.0.0.1_51683
22:34:26.667 [main] INFO  c.a.n.c.r.client - [printIfInfoEnabled,60] - [2f4f2670-54da-4af9-b08e-1e72bae949dc_config-0]Register server push request handler:com.alibaba.nacos.common.remote.client.RpcClient$ConnectResetRequestHandler
22:34:26.666 [com.alibaba.nacos.client.remote.worker] INFO  c.a.n.c.r.client - [printIfInfoEnabled,60] - [2f4f2670-54da-4af9-b08e-1e72bae949dc_config-0]Notify connected event to listeners.
22:34:26.668 [com.alibaba.nacos.client.remote.worker] INFO  c.a.n.c.c.i.ClientWorker - [onConnected,677] - [2f4f2670-54da-4af9-b08e-1e72bae949dc_config-0] Connected,notify listen context...
22:34:26.668 [main] INFO  c.a.n.c.r.client - [printIfInfoEnabled,60] - [2f4f2670-54da-4af9-b08e-1e72bae949dc_config-0]Register server push request handler:com.alibaba.nacos.common.remote.client.RpcClient$4
22:34:26.710 [main] INFO  c.a.n.c.c.i.Limiter - [<clinit>,56] - limitTime:5.0
22:34:26.725 [main] INFO  c.a.n.c.c.u.JvmUtil - [<clinit>,53] - isMultiInstance:false
22:34:26.759 [main] INFO  c.r.s.RuoYiSystemApplication - [logStartupProfileInfo,663] - The following profiles are active: dev
22:34:29.773 [main] INFO  o.a.c.h.Http11NioProtocol - [log,173] - Initializing ProtocolHandler ["http-nio-9201"]
22:34:29.773 [main] INFO  o.a.c.c.StandardService - [log,173] - Starting service [Tomcat]
22:34:29.773 [main] INFO  o.a.c.c.StandardEngine - [log,173] - Starting Servlet engine: [Apache Tomcat/9.0.50]
22:34:29.912 [main] INFO  o.a.c.c.C.[.[.[/] - [log,173] - Initializing Spring embedded WebApplicationContext
22:34:30.618 [main] INFO  c.a.d.p.DruidDataSource - [init,990] - {dataSource-1,master} inited
22:34:30.622 [main] INFO  o.a.c.c.StandardService - [log,173] - Stopping service [Tomcat]
22:34:30.662 [Druid-ConnectionPool-Create-1042046477] INFO  c.a.d.p.DruidAbstractDataSource - [setFailContinuous,1804] - {dataSource-1} failContinuous is true
22:35:16.620 [background-preinit] INFO  o.h.v.i.util.Version - [<clinit>,21] - HV000001: Hibernate Validator 6.2.0.Final
22:35:17.321 [main] INFO  c.a.n.c.c.i.LocalConfigInfoProcessor - [<clinit>,67] - LOCAL_SNAPSHOT_PATH:/Users/yangjingjiang/nacos/config
22:35:17.327 [main] INFO  c.a.n.c.r.client - [lambda$createClient$0,77] - [RpcClientFactory] create a new rpc client of 65f08588-9ecd-43c7-9f5d-707b41b138b1_config-0
22:35:17.386 [main] INFO  o.r.Reflections - [scan,232] - Reflections took 36 ms to scan 1 urls, producing 3 keys and 6 values 
22:35:17.419 [main] INFO  o.r.Reflections - [scan,232] - Reflections took 20 ms to scan 1 urls, producing 4 keys and 9 values 
22:35:17.449 [main] INFO  o.r.Reflections - [scan,232] - Reflections took 28 ms to scan 1 urls, producing 3 keys and 10 values 
22:35:17.466 [main] INFO  o.r.Reflections - [scan,232] - Reflections took 13 ms to scan 1 urls, producing 1 keys and 5 values 
22:35:17.477 [main] INFO  o.r.Reflections - [scan,232] - Reflections took 9 ms to scan 1 urls, producing 1 keys and 7 values 
22:35:17.489 [main] INFO  o.r.Reflections - [scan,232] - Reflections took 9 ms to scan 1 urls, producing 2 keys and 8 values 
22:35:17.492 [main] INFO  c.a.n.c.r.client - [printIfInfoEnabled,60] - [65f08588-9ecd-43c7-9f5d-707b41b138b1_config-0]RpcClient init label, labels={module=config, Vipserver-Tag=null, source=sdk, Amory-Tag=null, Location-Tag=null, taskId=0, AppName=unknown}
22:35:17.493 [main] INFO  c.a.n.c.r.client - [printIfInfoEnabled,60] - [65f08588-9ecd-43c7-9f5d-707b41b138b1_config-0]Register server push request handler:com.alibaba.nacos.client.config.impl.ClientWorker$ConfigRpcTransportClient$$Lambda$465/0x0000000800e3e840
22:35:17.494 [main] INFO  c.a.n.c.r.client - [printIfInfoEnabled,60] - [65f08588-9ecd-43c7-9f5d-707b41b138b1_config-0]Register server push request handler:com.alibaba.nacos.client.config.impl.ClientWorker$ConfigRpcTransportClient$$Lambda$466/0x0000000800e3ec40
22:35:17.494 [main] INFO  c.a.n.c.r.client - [printIfInfoEnabled,60] - [65f08588-9ecd-43c7-9f5d-707b41b138b1_config-0]Registry connection listener to current client:com.alibaba.nacos.client.config.impl.ClientWorker$ConfigRpcTransportClient$1
22:35:17.495 [main] INFO  c.a.n.c.r.client - [printIfInfoEnabled,60] - [65f08588-9ecd-43c7-9f5d-707b41b138b1_config-0]RpcClient init, ServerListFactory =com.alibaba.nacos.client.config.impl.ClientWorker$ConfigRpcTransportClient$2
22:35:17.504 [main] INFO  c.a.n.c.r.client - [printIfInfoEnabled,60] - [65f08588-9ecd-43c7-9f5d-707b41b138b1_config-0] Try to connect to server on start up, server: {serverIp='127.0.0.1', server main port=8848}
22:35:18.188 [main] INFO  c.a.n.c.r.client - [printIfInfoEnabled,60] - [65f08588-9ecd-43c7-9f5d-707b41b138b1_config-0] Success to connect to server [127.0.0.1:8848] on start up,connectionId=1627655717939_127.0.0.1_52050
22:35:18.189 [com.alibaba.nacos.client.remote.worker] INFO  c.a.n.c.r.client - [printIfInfoEnabled,60] - [65f08588-9ecd-43c7-9f5d-707b41b138b1_config-0]Notify connected event to listeners.
22:35:18.189 [main] INFO  c.a.n.c.r.client - [printIfInfoEnabled,60] - [65f08588-9ecd-43c7-9f5d-707b41b138b1_config-0]Register server push request handler:com.alibaba.nacos.common.remote.client.RpcClient$ConnectResetRequestHandler
22:35:18.190 [com.alibaba.nacos.client.remote.worker] INFO  c.a.n.c.c.i.ClientWorker - [onConnected,677] - [65f08588-9ecd-43c7-9f5d-707b41b138b1_config-0] Connected,notify listen context...
22:35:18.190 [main] INFO  c.a.n.c.r.client - [printIfInfoEnabled,60] - [65f08588-9ecd-43c7-9f5d-707b41b138b1_config-0]Register server push request handler:com.alibaba.nacos.common.remote.client.RpcClient$4
22:35:18.269 [main] INFO  c.a.n.c.c.i.Limiter - [<clinit>,56] - limitTime:5.0
22:35:18.299 [main] INFO  c.a.n.c.c.u.JvmUtil - [<clinit>,53] - isMultiInstance:false
22:35:18.352 [main] INFO  c.r.s.RuoYiSystemApplication - [logStartupProfileInfo,663] - The following profiles are active: dev
22:35:21.387 [main] INFO  o.a.c.h.Http11NioProtocol - [log,173] - Initializing ProtocolHandler ["http-nio-9201"]
22:35:21.388 [main] INFO  o.a.c.c.StandardService - [log,173] - Starting service [Tomcat]
22:35:21.388 [main] INFO  o.a.c.c.StandardEngine - [log,173] - Starting Servlet engine: [Apache Tomcat/9.0.50]
22:35:21.513 [main] INFO  o.a.c.c.C.[.[.[/] - [log,173] - Initializing Spring embedded WebApplicationContext
22:35:22.238 [main] INFO  c.a.d.p.DruidDataSource - [init,990] - {dataSource-1,master} inited
22:35:22.242 [main] INFO  o.a.c.c.StandardService - [log,173] - Stopping service [Tomcat]
22:35:22.282 [Druid-ConnectionPool-Create-838205369] INFO  c.a.d.p.DruidAbstractDataSource - [setFailContinuous,1804] - {dataSource-1} failContinuous is true
22:42:22.487 [background-preinit] INFO  o.h.v.i.util.Version - [<clinit>,21] - HV000001: Hibernate Validator 6.2.0.Final
22:42:23.075 [main] INFO  c.a.n.c.c.i.LocalConfigInfoProcessor - [<clinit>,67] - LOCAL_SNAPSHOT_PATH:/Users/yangjingjiang/nacos/config
22:42:23.078 [main] INFO  c.a.n.c.r.client - [lambda$createClient$0,77] - [RpcClientFactory] create a new rpc client of 81b9d683-9fa9-4560-9a78-125f8910dc26_config-0
22:42:23.131 [main] INFO  o.r.Reflections - [scan,232] - Reflections took 32 ms to scan 1 urls, producing 3 keys and 6 values 
22:42:23.163 [main] INFO  o.r.Reflections - [scan,232] - Reflections took 16 ms to scan 1 urls, producing 4 keys and 9 values 
22:42:23.185 [main] INFO  o.r.Reflections - [scan,232] - Reflections took 19 ms to scan 1 urls, producing 3 keys and 10 values 
22:42:23.197 [main] INFO  o.r.Reflections - [scan,232] - Reflections took 9 ms to scan 1 urls, producing 1 keys and 5 values 
22:42:23.212 [main] INFO  o.r.Reflections - [scan,232] - Reflections took 13 ms to scan 1 urls, producing 1 keys and 7 values 
22:42:23.226 [main] INFO  o.r.Reflections - [scan,232] - Reflections took 11 ms to scan 1 urls, producing 2 keys and 8 values 
22:42:23.229 [main] INFO  c.a.n.c.r.client - [printIfInfoEnabled,60] - [81b9d683-9fa9-4560-9a78-125f8910dc26_config-0]RpcClient init label, labels={module=config, Vipserver-Tag=null, source=sdk, Amory-Tag=null, Location-Tag=null, taskId=0, AppName=unknown}
22:42:23.230 [main] INFO  c.a.n.c.r.client - [printIfInfoEnabled,60] - [81b9d683-9fa9-4560-9a78-125f8910dc26_config-0]Register server push request handler:com.alibaba.nacos.client.config.impl.ClientWorker$ConfigRpcTransportClient$$Lambda$465/0x0000000800e3d840
22:42:23.230 [main] INFO  c.a.n.c.r.client - [printIfInfoEnabled,60] - [81b9d683-9fa9-4560-9a78-125f8910dc26_config-0]Register server push request handler:com.alibaba.nacos.client.config.impl.ClientWorker$ConfigRpcTransportClient$$Lambda$466/0x0000000800e3dc40
22:42:23.231 [main] INFO  c.a.n.c.r.client - [printIfInfoEnabled,60] - [81b9d683-9fa9-4560-9a78-125f8910dc26_config-0]Registry connection listener to current client:com.alibaba.nacos.client.config.impl.ClientWorker$ConfigRpcTransportClient$1
22:42:23.232 [main] INFO  c.a.n.c.r.client - [printIfInfoEnabled,60] - [81b9d683-9fa9-4560-9a78-125f8910dc26_config-0]RpcClient init, ServerListFactory =com.alibaba.nacos.client.config.impl.ClientWorker$ConfigRpcTransportClient$2
22:42:23.241 [main] INFO  c.a.n.c.r.client - [printIfInfoEnabled,60] - [81b9d683-9fa9-4560-9a78-125f8910dc26_config-0] Try to connect to server on start up, server: {serverIp='127.0.0.1', server main port=8848}
22:42:23.853 [main] INFO  c.a.n.c.r.client - [printIfInfoEnabled,60] - [81b9d683-9fa9-4560-9a78-125f8910dc26_config-0] Success to connect to server [127.0.0.1:8848] on start up,connectionId=1627656143662_127.0.0.1_55044
22:42:23.854 [com.alibaba.nacos.client.remote.worker] INFO  c.a.n.c.r.client - [printIfInfoEnabled,60] - [81b9d683-9fa9-4560-9a78-125f8910dc26_config-0]Notify connected event to listeners.
22:42:23.855 [main] INFO  c.a.n.c.r.client - [printIfInfoEnabled,60] - [81b9d683-9fa9-4560-9a78-125f8910dc26_config-0]Register server push request handler:com.alibaba.nacos.common.remote.client.RpcClient$ConnectResetRequestHandler
22:42:23.855 [com.alibaba.nacos.client.remote.worker] INFO  c.a.n.c.c.i.ClientWorker - [onConnected,677] - [81b9d683-9fa9-4560-9a78-125f8910dc26_config-0] Connected,notify listen context...
22:42:23.856 [main] INFO  c.a.n.c.r.client - [printIfInfoEnabled,60] - [81b9d683-9fa9-4560-9a78-125f8910dc26_config-0]Register server push request handler:com.alibaba.nacos.common.remote.client.RpcClient$4
22:42:23.897 [main] INFO  c.a.n.c.c.i.Limiter - [<clinit>,56] - limitTime:5.0
22:42:23.913 [main] INFO  c.a.n.c.c.u.JvmUtil - [<clinit>,53] - isMultiInstance:false
22:42:23.947 [main] INFO  c.r.s.RuoYiSystemApplication - [logStartupProfileInfo,663] - The following profiles are active: dev
22:42:26.543 [main] INFO  o.a.c.h.Http11NioProtocol - [log,173] - Initializing ProtocolHandler ["http-nio-9201"]
22:42:26.543 [main] INFO  o.a.c.c.StandardService - [log,173] - Starting service [Tomcat]
22:42:26.543 [main] INFO  o.a.c.c.StandardEngine - [log,173] - Starting Servlet engine: [Apache Tomcat/9.0.50]
22:42:26.689 [main] INFO  o.a.c.c.C.[.[.[/] - [log,173] - Initializing Spring embedded WebApplicationContext
22:42:27.498 [main] INFO  c.a.d.p.DruidDataSource - [init,990] - {dataSource-1,master} inited
22:42:27.503 [main] INFO  o.a.c.c.StandardService - [log,173] - Stopping service [Tomcat]
22:42:27.555 [Druid-ConnectionPool-Create-1792068931] INFO  c.a.d.p.DruidAbstractDataSource - [setFailContinuous,1804] - {dataSource-1} failContinuous is true
22:57:43.917 [background-preinit] INFO  o.h.v.i.util.Version - [<clinit>,21] - HV000001: Hibernate Validator 6.2.0.Final
22:57:44.408 [main] INFO  c.a.n.c.c.i.LocalConfigInfoProcessor - [<clinit>,67] - LOCAL_SNAPSHOT_PATH:/Users/yangjingjiang/nacos/config
22:57:44.411 [main] INFO  c.a.n.c.r.client - [lambda$createClient$0,77] - [RpcClientFactory] create a new rpc client of dde52c69-716e-45da-b3b6-5f2d6bb158f4_config-0
22:57:44.474 [main] INFO  o.r.Reflections - [scan,232] - Reflections took 36 ms to scan 1 urls, producing 3 keys and 6 values 
22:57:44.506 [main] INFO  o.r.Reflections - [scan,232] - Reflections took 15 ms to scan 1 urls, producing 4 keys and 9 values 
22:57:44.529 [main] INFO  o.r.Reflections - [scan,232] - Reflections took 21 ms to scan 1 urls, producing 3 keys and 10 values 
22:57:44.543 [main] INFO  o.r.Reflections - [scan,232] - Reflections took 10 ms to scan 1 urls, producing 1 keys and 5 values 
22:57:44.555 [main] INFO  o.r.Reflections - [scan,232] - Reflections took 9 ms to scan 1 urls, producing 1 keys and 7 values 
22:57:44.570 [main] INFO  o.r.Reflections - [scan,232] - Reflections took 11 ms to scan 1 urls, producing 2 keys and 8 values 
22:57:44.573 [main] INFO  c.a.n.c.r.client - [printIfInfoEnabled,60] - [dde52c69-716e-45da-b3b6-5f2d6bb158f4_config-0]RpcClient init label, labels={module=config, Vipserver-Tag=null, source=sdk, Amory-Tag=null, Location-Tag=null, taskId=0, AppName=unknown}
22:57:44.574 [main] INFO  c.a.n.c.r.client - [printIfInfoEnabled,60] - [dde52c69-716e-45da-b3b6-5f2d6bb158f4_config-0]Register server push request handler:com.alibaba.nacos.client.config.impl.ClientWorker$ConfigRpcTransportClient$$Lambda$465/0x0000000800e3e840
22:57:44.575 [main] INFO  c.a.n.c.r.client - [printIfInfoEnabled,60] - [dde52c69-716e-45da-b3b6-5f2d6bb158f4_config-0]Register server push request handler:com.alibaba.nacos.client.config.impl.ClientWorker$ConfigRpcTransportClient$$Lambda$466/0x0000000800e3ec40
22:57:44.576 [main] INFO  c.a.n.c.r.client - [printIfInfoEnabled,60] - [dde52c69-716e-45da-b3b6-5f2d6bb158f4_config-0]Registry connection listener to current client:com.alibaba.nacos.client.config.impl.ClientWorker$ConfigRpcTransportClient$1
22:57:44.577 [main] INFO  c.a.n.c.r.client - [printIfInfoEnabled,60] - [dde52c69-716e-45da-b3b6-5f2d6bb158f4_config-0]RpcClient init, ServerListFactory =com.alibaba.nacos.client.config.impl.ClientWorker$ConfigRpcTransportClient$2
22:57:44.585 [main] INFO  c.a.n.c.r.client - [printIfInfoEnabled,60] - [dde52c69-716e-45da-b3b6-5f2d6bb158f4_config-0] Try to connect to server on start up, server: {serverIp='127.0.0.1', server main port=8848}
22:57:45.237 [main] INFO  c.a.n.c.r.client - [printIfInfoEnabled,60] - [dde52c69-716e-45da-b3b6-5f2d6bb158f4_config-0] Success to connect to server [127.0.0.1:8848] on start up,connectionId=1627657065018_127.0.0.1_61530
22:57:45.238 [main] INFO  c.a.n.c.r.client - [printIfInfoEnabled,60] - [dde52c69-716e-45da-b3b6-5f2d6bb158f4_config-0]Register server push request handler:com.alibaba.nacos.common.remote.client.RpcClient$ConnectResetRequestHandler
22:57:45.238 [com.alibaba.nacos.client.remote.worker] INFO  c.a.n.c.r.client - [printIfInfoEnabled,60] - [dde52c69-716e-45da-b3b6-5f2d6bb158f4_config-0]Notify connected event to listeners.
22:57:45.239 [main] INFO  c.a.n.c.r.client - [printIfInfoEnabled,60] - [dde52c69-716e-45da-b3b6-5f2d6bb158f4_config-0]Register server push request handler:com.alibaba.nacos.common.remote.client.RpcClient$4
22:57:45.239 [com.alibaba.nacos.client.remote.worker] INFO  c.a.n.c.c.i.ClientWorker - [onConnected,677] - [dde52c69-716e-45da-b3b6-5f2d6bb158f4_config-0] Connected,notify listen context...
22:57:45.316 [main] INFO  c.a.n.c.c.i.Limiter - [<clinit>,56] - limitTime:5.0
22:57:45.368 [main] INFO  c.a.n.c.c.u.JvmUtil - [<clinit>,53] - isMultiInstance:false
22:57:45.462 [main] INFO  c.r.s.RuoYiSystemApplication - [logStartupProfileInfo,663] - The following profiles are active: dev
22:57:49.140 [main] INFO  o.a.c.h.Http11NioProtocol - [log,173] - Initializing ProtocolHandler ["http-nio-9201"]
22:57:49.141 [main] INFO  o.a.c.c.StandardService - [log,173] - Starting service [Tomcat]
22:57:49.141 [main] INFO  o.a.c.c.StandardEngine - [log,173] - Starting Servlet engine: [Apache Tomcat/9.0.50]
22:57:49.303 [main] INFO  o.a.c.c.C.[.[.[/] - [log,173] - Initializing Spring embedded WebApplicationContext
22:57:50.448 [main] INFO  c.a.d.p.DruidDataSource - [init,990] - {dataSource-1,master} inited
22:57:50.449 [main] INFO  c.b.d.d.DynamicRoutingDataSource - [addDataSource,169] - dynamic-datasource - add a datasource named [master] success
22:57:50.449 [main] INFO  c.b.d.d.DynamicRoutingDataSource - [afterPropertiesSet,249] - dynamic-datasource initial loaded [1] datasource,primary datasource named [master]
22:57:53.661 [main] INFO  c.a.c.s.SentinelWebAutoConfiguration - [addInterceptors,80] - [Sentinel Starter] register SentinelWebInterceptor with urlPatterns: [/**].
22:57:53.874 [main] INFO  c.a.n.client.naming - [call,67] - initializer namespace from System Property :null
22:57:53.875 [main] INFO  c.a.n.client.naming - [call,76] - initializer namespace from System Environment :null
22:57:53.876 [main] INFO  c.a.n.client.naming - [call,86] - initializer namespace from System Property :null
22:57:53.889 [main] INFO  c.a.n.c.r.client - [lambda$createClient$0,77] - [RpcClientFactory] create a new rpc client of 7ed366ef-252e-4d9c-b187-307cfd70be8c
22:57:53.890 [main] INFO  c.a.n.c.r.client - [printIfInfoEnabled,60] - [7ed366ef-252e-4d9c-b187-307cfd70be8c]RpcClient init label, labels={module=naming, source=sdk}
22:57:53.890 [main] INFO  c.a.n.c.r.client - [printIfInfoEnabled,60] - [7ed366ef-252e-4d9c-b187-307cfd70be8c]RpcClient init, ServerListFactory =com.alibaba.nacos.client.naming.core.ServerListManager
22:57:53.891 [main] INFO  c.a.n.c.r.client - [printIfInfoEnabled,60] - [7ed366ef-252e-4d9c-b187-307cfd70be8c] Try to connect to server on start up, server: {serverIp='127.0.0.1', server main port=8848}
22:57:54.017 [main] INFO  c.a.n.c.r.client - [printIfInfoEnabled,60] - [7ed366ef-252e-4d9c-b187-307cfd70be8c] Success to connect to server [127.0.0.1:8848] on start up,connectionId=1627657073902_127.0.0.1_61599
22:57:54.019 [main] INFO  c.a.n.c.r.client - [printIfInfoEnabled,60] - [7ed366ef-252e-4d9c-b187-307cfd70be8c]Register server push request handler:com.alibaba.nacos.common.remote.client.RpcClient$ConnectResetRequestHandler
22:57:54.020 [main] INFO  c.a.n.c.r.client - [printIfInfoEnabled,60] - [7ed366ef-252e-4d9c-b187-307cfd70be8c]Register server push request handler:com.alibaba.nacos.common.remote.client.RpcClient$4
22:57:54.021 [main] INFO  c.a.n.c.r.client - [printIfInfoEnabled,60] - [7ed366ef-252e-4d9c-b187-307cfd70be8c]Register server push request handler:com.alibaba.nacos.client.naming.remote.gprc.NamingPushRequestHandler
22:57:54.022 [main] INFO  c.a.n.c.r.client - [printIfInfoEnabled,60] - [7ed366ef-252e-4d9c-b187-307cfd70be8c]Registry connection listener to current client:com.alibaba.nacos.client.naming.remote.gprc.NamingGrpcConnectionEventListener
22:57:55.446 [main] INFO  c.a.n.client.naming - [isChangedServiceInfo,181] - init new ips(0) service: DEFAULT_GROUP@@ruoyi-system@@DEFAULT -> []
22:57:55.458 [main] INFO  c.a.n.client.naming - [processServiceInfo,166] - current ips:(0) service: DEFAULT_GROUP@@ruoyi-system@@DEFAULT -> []
22:57:55.465 [main] INFO  o.a.c.h.Http11NioProtocol - [log,173] - Starting ProtocolHandler ["http-nio-9201"]
22:57:55.483 [main] INFO  c.a.n.client.naming - [registerService,111] - [REGISTER-SERVICE] public registering service ruoyi-system with instance Instance{instanceId='null', ip='192.168.0.102', port=9201, weight=1.0, healthy=true, enabled=true, ephemeral=true, clusterName='DEFAULT', serviceName='null', metadata={preserved.register.source=SPRING_CLOUD}}
22:57:55.491 [main] INFO  c.a.c.n.r.NacosServiceRegistry - [register,75] - nacos registry, DEFAULT_GROUP ruoyi-system 192.168.0.102:9201 register finished
22:57:56.027 [nacos-grpc-client-executor-8] INFO  c.a.n.c.r.client - [printIfInfoEnabled,60] - [7ed366ef-252e-4d9c-b187-307cfd70be8c]receive server push request,request=NotifySubscriberRequest,requestId=6
22:57:56.029 [nacos-grpc-client-executor-8] INFO  c.a.n.client.naming - [isChangedServiceInfo,181] - init new ips(1) service: DEFAULT_GROUP@@ruoyi-system -> [{"ip":"192.168.0.102","port":9201,"weight":1.0,"healthy":true,"enabled":true,"ephemeral":true,"clusterName":"DEFAULT","serviceName":"DEFAULT_GROUP@@ruoyi-system","metadata":{"preserved.register.source":"SPRING_CLOUD"},"ipDeleteTimeout":30000,"instanceHeartBeatTimeOut":15000,"instanceHeartBeatInterval":5000}]
22:57:56.030 [nacos-grpc-client-executor-8] INFO  c.a.n.client.naming - [processServiceInfo,166] - current ips:(1) service: DEFAULT_GROUP@@ruoyi-system -> [{"ip":"192.168.0.102","port":9201,"weight":1.0,"healthy":true,"enabled":true,"ephemeral":true,"clusterName":"DEFAULT","serviceName":"DEFAULT_GROUP@@ruoyi-system","metadata":{"preserved.register.source":"SPRING_CLOUD"},"ipDeleteTimeout":30000,"instanceHeartBeatTimeOut":15000,"instanceHeartBeatInterval":5000}]
22:57:56.031 [nacos-grpc-client-executor-8] INFO  c.a.n.c.r.client - [printIfInfoEnabled,60] - [7ed366ef-252e-4d9c-b187-307cfd70be8c]ack server push request,request=NotifySubscriberRequest,requestId=6
22:57:56.224 [main] INFO  c.r.s.RuoYiSystemApplication - [logStarted,61] - Started RuoYiSystemApplication in 12.74 seconds (JVM running for 13.886)
22:57:56.236 [main] INFO  c.a.n.c.c.i.ClientWorker - [addCacheDataIfAbsent,384] - [config_rpc_client] [subscribe] ruoyi-system+DEFAULT_GROUP
22:57:56.238 [main] INFO  c.a.n.c.c.i.CacheData - [addListener,169] - [config_rpc_client] [add-listener] ok, tenant=, dataId=ruoyi-system, group=DEFAULT_GROUP, cnt=1
22:57:56.238 [main] INFO  c.a.n.c.c.i.ClientWorker - [addCacheDataIfAbsent,384] - [config_rpc_client] [subscribe] ruoyi-system.yml+DEFAULT_GROUP
22:57:56.238 [main] INFO  c.a.n.c.c.i.CacheData - [addListener,169] - [config_rpc_client] [add-listener] ok, tenant=, dataId=ruoyi-system.yml, group=DEFAULT_GROUP, cnt=1
22:57:56.239 [main] INFO  c.a.n.c.c.i.ClientWorker - [addCacheDataIfAbsent,384] - [config_rpc_client] [subscribe] ruoyi-system-dev.yml+DEFAULT_GROUP
22:57:56.240 [main] INFO  c.a.n.c.c.i.CacheData - [addListener,169] - [config_rpc_client] [add-listener] ok, tenant=, dataId=ruoyi-system-dev.yml, group=DEFAULT_GROUP, cnt=1
22:57:56.400 [RMI TCP Connection(6)-127.0.0.1] INFO  o.a.c.c.C.[.[.[/] - [log,173] - Initializing Spring DispatcherServlet 'dispatcherServlet'
22:57:56.472 [com.alibaba.nacos.client.naming.updater.0] INFO  c.a.n.client.naming - [isChangedServiceInfo,235] - new ips(1) service: DEFAULT_GROUP@@ruoyi-system@@DEFAULT -> [{"ip":"192.168.0.102","port":9201,"weight":1.0,"healthy":true,"enabled":true,"ephemeral":true,"clusterName":"DEFAULT","serviceName":"DEFAULT_GROUP@@ruoyi-system","metadata":{"preserved.register.source":"SPRING_CLOUD"},"ipDeleteTimeout":30000,"instanceHeartBeatTimeOut":15000,"instanceHeartBeatInterval":5000}]
22:57:56.474 [com.alibaba.nacos.client.naming.updater.0] INFO  c.a.n.client.naming - [processServiceInfo,166] - current ips:(1) service: DEFAULT_GROUP@@ruoyi-system@@DEFAULT -> [{"ip":"192.168.0.102","port":9201,"weight":1.0,"healthy":true,"enabled":true,"ephemeral":true,"clusterName":"DEFAULT","serviceName":"DEFAULT_GROUP@@ruoyi-system","metadata":{"preserved.register.source":"SPRING_CLOUD"},"ipDeleteTimeout":30000,"instanceHeartBeatTimeOut":15000,"instanceHeartBeatInterval":5000}]
23:23:36.346 [SpringApplicationShutdownHook] INFO  c.a.c.n.r.NacosServiceRegistry - [deregister,90] - De-registering from Nacos Server now...
23:23:36.347 [SpringApplicationShutdownHook] INFO  c.a.n.client.naming - [deregisterService,122] - [DEREGISTER-SERVICE] public deregistering service ruoyi-system with instance: Instance{instanceId='null', ip='192.168.0.102', port=9201, weight=1.0, healthy=true, enabled=true, ephemeral=true, clusterName='DEFAULT', serviceName='null', metadata={}}
23:23:36.350 [SpringApplicationShutdownHook] INFO  c.a.c.n.r.NacosServiceRegistry - [deregister,110] - De-registration finished.
23:23:36.351 [SpringApplicationShutdownHook] INFO  c.a.n.client.naming - [shutdown,256] - com.alibaba.nacos.client.naming.cache.ServiceInfoHolder do shutdown begin
23:23:36.351 [SpringApplicationShutdownHook] INFO  c.a.n.client.naming - [shutdown,140] - com.alibaba.nacos.client.naming.backups.FailoverReactor do shutdown begin
23:23:36.352 [SpringApplicationShutdownHook] INFO  c.a.n.client.naming - [shutdown,142] - com.alibaba.nacos.client.naming.backups.FailoverReactor do shutdown stop
23:23:36.352 [SpringApplicationShutdownHook] INFO  c.a.n.client.naming - [shutdown,258] - com.alibaba.nacos.client.naming.cache.ServiceInfoHolder do shutdown stop
23:23:36.352 [SpringApplicationShutdownHook] INFO  c.a.n.client.naming - [shutdown,176] - com.alibaba.nacos.client.naming.remote.NamingClientProxyDelegate do shutdown begin
23:23:36.353 [SpringApplicationShutdownHook] INFO  c.a.n.client.naming - [shutdown,130] - com.alibaba.nacos.client.naming.core.ServiceInfoUpdateService do shutdown begin
23:23:36.666 [SpringApplicationShutdownHook] INFO  c.a.n.client.naming - [shutdown,132] - com.alibaba.nacos.client.naming.core.ServiceInfoUpdateService do shutdown stop
23:23:36.668 [SpringApplicationShutdownHook] INFO  c.a.n.client.naming - [shutdown,188] - com.alibaba.nacos.client.naming.core.ServerListManager do shutdown begin
23:23:36.669 [SpringApplicationShutdownHook] INFO  c.a.n.client.naming - [shutdown,193] - com.alibaba.nacos.client.naming.core.ServerListManager do shutdown stop
23:23:36.669 [SpringApplicationShutdownHook] INFO  c.a.n.client.naming - [shutdown,519] - com.alibaba.nacos.client.naming.remote.http.NamingHttpClientProxy do shutdown begin
23:23:36.670 [SpringApplicationShutdownHook] INFO  c.a.n.client.naming - [shutdown,162] - com.alibaba.nacos.client.naming.beat.BeatReactor do shutdown begin
23:23:36.670 [SpringApplicationShutdownHook] INFO  c.a.n.client.naming - [shutdown,164] - com.alibaba.nacos.client.naming.beat.BeatReactor do shutdown stop
23:23:36.671 [SpringApplicationShutdownHook] INFO  c.a.n.c.i.CredentialWatcher - [stop,105] - [null] CredentialWatcher is stopped
23:23:36.672 [SpringApplicationShutdownHook] INFO  c.a.n.c.i.CredentialService - [free,99] - [null] CredentialService is freed
23:23:36.672 [SpringApplicationShutdownHook] INFO  c.a.n.client.naming - [shutdown,523] - com.alibaba.nacos.client.naming.remote.http.NamingHttpClientProxy do shutdown stop
23:23:36.672 [SpringApplicationShutdownHook] INFO  c.a.n.c.r.client - [shutdown,462] - Shutdown rpc client ,set status to shutdown
23:23:36.672 [SpringApplicationShutdownHook] INFO  c.a.n.c.r.client - [shutdown,464] - Shutdown  client event executor java.util.concurrent.ScheduledThreadPoolExecutor@4382ee1e[Running, pool size = 2, active threads = 2, queued tasks = 0, completed tasks = 0]
23:23:36.673 [SpringApplicationShutdownHook] INFO  c.a.n.c.r.client - [shutdown,466] - Close current connection 1627657073902_127.0.0.1_61599
23:23:36.675 [nacos-grpc-client-executor-370] INFO  c.a.n.c.r.c.g.GrpcClient - [printIfInfoEnabled,60] - [1627657073902_127.0.0.1_61599]Ignore complete event,isRunning:false,isAbandon=false
23:23:36.682 [SpringApplicationShutdownHook] INFO  c.a.n.c.r.c.g.GrpcClient - [shutdown,83] - Shutdown grpc executor java.util.concurrent.ThreadPoolExecutor@45d79e71[Running, pool size = 5, active threads = 0, queued tasks = 0, completed tasks = 371]
23:23:36.683 [SpringApplicationShutdownHook] INFO  c.a.n.client.naming - [shutdown,182] - com.alibaba.nacos.client.naming.remote.NamingClientProxyDelegate do shutdown stop
23:23:36.839 [SpringApplicationShutdownHook] INFO  c.b.d.d.DynamicRoutingDataSource - [destroy,226] - dynamic-datasource start closing ....
23:23:36.844 [SpringApplicationShutdownHook] INFO  c.a.d.p.DruidDataSource - [close,2043] - {dataSource-1} closing ...
23:23:36.849 [SpringApplicationShutdownHook] INFO  c.a.d.p.DruidDataSource - [close,2116] - {dataSource-1} closed
23:23:36.850 [SpringApplicationShutdownHook] INFO  c.b.d.d.DynamicRoutingDataSource - [destroy,230] - dynamic-datasource all closed success,bye
